Added Component: Designator=BATT(BAT_3003)
Added Component: Designator=C1(RESC0603N)
Added Component: Designator=C2(RESC0603N)
Added Component: Designator=C3(RESC0603N)
Added Component: Designator=C4(RESC0603N)
Added Component: Designator=C5(C1206)
Added Component: Designator=C6(C1206)
Added Component: Designator=C7(RESC0603N)
Added Component: Designator=C8(RESC0603N)
Added Component: Designator=C9(C1206)
Added Component: Designator=C11(RESC0603N)
Added Component: Designator=C12(RESC0603N)
Added Component: Designator=C13(RESC0603N)
Added Component: Designator=C14(C1206)
Added Component: Designator=ESD(SOT143N)
Added Component: Designator=EXT(BAT-2)
Added Component: Designator=H1(HDR1X10)
Added Component: Designator=H2(HDR1X10)
Added Component: Designator=IC1(D014_N)
Added Component: Designator=IC2(TSOP65P490-8AN)
Added Component: Designator=R1(RESC0603N)
Added Component: Designator=R2(RESC0603N)
Added Component: Designator=R3(RESC0603N)
Added Component: Designator=R4(RESC0603N)
Added Component: Designator=R5(RESC0603N)
Added Component: Designator=R6(RESC0603N)
Added Component: Designator=R7(RESC0603N)
Added Component: Designator=R8(RESC0603N)
Added Component: Designator=R9(RESC0603N)
Added Component: Designator=R10(RESC0603N)
Added Component: Designator=R11(RESC0603N)
Added Component: Designator=R12(RESC0603N)
Added Component: Designator=R13(RESC0603N)
Added Component: Designator=R14(RESC0603N)
Added Component: Designator=R15(RESC0603N)
Added Component: Designator=R16(RESC0603N)
Added Component: Designator=R17(RESC0603N)
Added Component: Designator=R18(RESC0603N)
Added Component: Designator=R19(RESC0603N)
Added Component: Designator=R20(RESC0603N)
Added Component: Designator=R21(RESC0603N)
Added Component: Designator=R22(RESC0603N)
Added Component: Designator=SW1(HDR1X2)
Added Pin To Net: NetName=EKG Pin=H1-6
Added Pin To Net: NetName=EKG Pin=IC1-14
Added Net: Name=EKG
Added Pin To Net: NetName=GND Pin=BATT-2
Added Pin To Net: NetName=GND Pin=C1-2
Added Pin To Net: NetName=GND Pin=C3-1
Added Pin To Net: NetName=GND Pin=C4-2
Added Pin To Net: NetName=GND Pin=C5-1
Added Pin To Net: NetName=GND Pin=C6-1
Added Pin To Net: NetName=GND Pin=C9-1
Added Pin To Net: NetName=GND Pin=C11-2
Added Pin To Net: NetName=GND Pin=C13-2
Added Pin To Net: NetName=GND Pin=C14-1
Added Pin To Net: NetName=GND Pin=ESD-1
Added Pin To Net: NetName=GND Pin=EXT-2
Added Pin To Net: NetName=GND Pin=H2-1
Added Pin To Net: NetName=GND Pin=IC1-11
Added Pin To Net: NetName=GND Pin=IC2-4
Added Pin To Net: NetName=GND Pin=R15-2
Added Net: Name=GND
Added Pin To Net: NetName=HAND_LEFT Pin=ESD-3
Added Pin To Net: NetName=HAND_LEFT Pin=H1-7
Added Pin To Net: NetName=HAND_LEFT Pin=R2-2
Added Pin To Net: NetName=HAND_LEFT Pin=R3-1
Added Pin To Net: NetName=HAND_LEFT Pin=R19-1
Added Pin To Net: NetName=HAND_LEFT Pin=R20-2
Added Net: Name=HAND_LEFT
Added Pin To Net: NetName=HAND_RIGHT Pin=ESD-2
Added Pin To Net: NetName=HAND_RIGHT Pin=R1-2
Added Pin To Net: NetName=HAND_RIGHT Pin=R2-1
Added Pin To Net: NetName=HAND_RIGHT Pin=R18-1
Added Pin To Net: NetName=HAND_RIGHT Pin=R21-1
Added Net: Name=HAND_RIGHT
Added Pin To Net: NetName=LED_GREEN Pin=H2-7
Added Net: Name=LED_GREEN
Added Pin To Net: NetName=LED_RED Pin=H1-2
Added Net: Name=LED_RED
Added Pin To Net: NetName=NetBATT_1 Pin=EXT-1
Added Pin To Net: NetName=NetBATT_1 Pin=SW1-1
Added Net: Name=NetBATT_1
Added Pin To Net: NetName=NetC1_1 Pin=C1-1
Added Pin To Net: NetName=NetC1_1 Pin=IC1-10
Added Pin To Net: NetName=NetC1_1 Pin=R12-2
Added Net: Name=NetC1_1
Added Pin To Net: NetName=NetC2_1 Pin=C2-1
Added Pin To Net: NetName=NetC2_1 Pin=C3-2
Added Pin To Net: NetName=NetC2_1 Pin=IC2-2
Added Pin To Net: NetName=NetC2_1 Pin=R18-2
Added Net: Name=NetC2_1
Added Pin To Net: NetName=NetC2_2 Pin=C2-2
Added Pin To Net: NetName=NetC2_2 Pin=C4-1
Added Pin To Net: NetName=NetC2_2 Pin=IC2-3
Added Pin To Net: NetName=NetC2_2 Pin=R19-2
Added Net: Name=NetC2_2
Added Pin To Net: NetName=NetC7_2 Pin=C7-2
Added Pin To Net: NetName=NetC7_2 Pin=IC1-6
Added Pin To Net: NetName=NetC7_2 Pin=R10-2
Added Net: Name=NetC7_2
Added Pin To Net: NetName=NetC8_1 Pin=C8-1
Added Pin To Net: NetName=NetC8_1 Pin=IC1-8
Added Pin To Net: NetName=NetC8_1 Pin=R4-2
Added Pin To Net: NetName=NetC8_1 Pin=R5-1
Added Net: Name=NetC8_1
Added Pin To Net: NetName=NetC8_2 Pin=C8-2
Added Pin To Net: NetName=NetC8_2 Pin=R11-1
Added Pin To Net: NetName=NetC8_2 Pin=R12-1
Added Net: Name=NetC8_2
Added Pin To Net: NetName=NetC11_1 Pin=C11-1
Added Pin To Net: NetName=NetC11_1 Pin=IC1-3
Added Pin To Net: NetName=NetC11_1 Pin=R14-2
Added Pin To Net: NetName=NetC11_1 Pin=R15-1
Added Net: Name=NetC11_1
Added Pin To Net: NetName=NetC12_1 Pin=C12-1
Added Pin To Net: NetName=NetC12_1 Pin=R7-2
Added Net: Name=NetC12_1
Added Pin To Net: NetName=NetC12_2 Pin=C12-2
Added Pin To Net: NetName=NetC12_2 Pin=R5-2
Added Pin To Net: NetName=NetC12_2 Pin=R6-1
Added Net: Name=NetC12_2
Added Pin To Net: NetName=NetC13_1 Pin=C13-1
Added Pin To Net: NetName=NetC13_1 Pin=IC1-12
Added Pin To Net: NetName=NetC13_1 Pin=R6-2
Added Net: Name=NetC13_1
Added Pin To Net: NetName=NetIC1_9 Pin=IC1-9
Added Pin To Net: NetName=NetIC1_9 Pin=R4-1
Added Pin To Net: NetName=NetIC1_9 Pin=R13-2
Added Net: Name=NetIC1_9
Added Pin To Net: NetName=NetIC1_13 Pin=IC1-13
Added Pin To Net: NetName=NetIC1_13 Pin=R7-1
Added Pin To Net: NetName=NetIC1_13 Pin=R16-2
Added Net: Name=NetIC1_13
Added Pin To Net: NetName=NetIC2_5 Pin=IC2-5
Added Pin To Net: NetName=NetIC2_5 Pin=R8-1
Added Net: Name=NetIC2_5
Added Pin To Net: NetName=NetR8_2 Pin=R8-2
Added Pin To Net: NetName=NetR8_2 Pin=R9-2
Added Net: Name=NetR8_2
Added Pin To Net: NetName=P1_3 (SW2) Pin=H1-5
Added Net: Name=P1_3 (SW2)
Added Pin To Net: NetName=P1_7 Pin=H2-6
Added Pin To Net: NetName=P1_7 Pin=R3-2
Added Net: Name=P1_7
Added Pin To Net: NetName=P2_6 Pin=H2-2
Added Pin To Net: NetName=P2_6 Pin=R1-1
Added Net: Name=P2_6
Added Pin To Net: NetName=REF Pin=C7-1
Added Pin To Net: NetName=REF Pin=IC1-7
Added Net: Name=REF
Added Pin To Net: NetName=RESET (SW1) Pin=H2-5
Added Net: Name=RESET (SW1)
Added Pin To Net: NetName=SHUTDOWN Pin=C9-2
Added Pin To Net: NetName=SHUTDOWN Pin=H2-3
Added Pin To Net: NetName=SHUTDOWN Pin=R14-1
Added Pin To Net: NetName=SHUTDOWN Pin=R22-1
Added Net: Name=SHUTDOWN
Added Pin To Net: NetName=TEST Pin=H2-4
Added Net: Name=TEST
Added Pin To Net: NetName=UART_RXD Pin=H1-4
Added Net: Name=UART_RXD
Added Pin To Net: NetName=UART_TXD Pin=H1-3
Added Net: Name=UART_TXD
Added Pin To Net: NetName=VCDD Pin=ESD-4
Added Net: Name=VCDD
Added Pin To Net: NetName=VCM Pin=IC1-1
Added Pin To Net: NetName=VCM Pin=IC1-2
Added Pin To Net: NetName=VCM Pin=IC1-5
Added Pin To Net: NetName=VCM Pin=R13-1
Added Pin To Net: NetName=VCM Pin=R16-1
Added Pin To Net: NetName=VCM Pin=R20-1
Added Pin To Net: NetName=VCM Pin=R21-2
Added Net: Name=VCM
Added Pin To Net: NetName=VDD Pin=C5-2
Added Pin To Net: NetName=VDD Pin=C6-2
Added Pin To Net: NetName=VDD Pin=C14-2
Added Pin To Net: NetName=VDD Pin=H1-1
Added Pin To Net: NetName=VDD Pin=IC1-4
Added Pin To Net: NetName=VDD Pin=IC2-7
Added Pin To Net: NetName=VDD Pin=R17-1
Added Pin To Net: NetName=VDD Pin=R22-2
Added Pin To Net: NetName=VDD Pin=SW1-2
Added Net: Name=VDD
Added Pin To Net: NetName=VOUT Pin=IC2-6
Added Pin To Net: NetName=VOUT Pin=R9-1
Added Pin To Net: NetName=VOUT Pin=R10-1
Added Pin To Net: NetName=VOUT Pin=R11-2
Added Pin To Net: NetName=VOUT Pin=R17-2
Added Net: Name=VOUT
Added Class: Name=Connector
Added Class: Name=Design
Added Room: Name=Connector
Added Room: Name=Design
